{"/home/kauethums/projects/poc-pos-sdk/src/domain/contracts/IPrinterModule.ts": {"path":"/home/kauethums/projects/poc-pos-sdk/src/domain/contracts/IPrinterModule.ts","statementMap":{"0":{"start":{"line":3,"column":0},"end":{"line":3,"column":67}}},"fnMap":{},"branchMap":{},"s":{"0":0},"f":{},"b":{}}
,"/home/kauethums/projects/poc-pos-sdk/src/domain/contracts/ITefModule.ts": {"path":"/home/kauethums/projects/poc-pos-sdk/src/domain/contracts/ITefModule.ts","statementMap":{"0":{"start":{"line":4,"column":0},"end":{"line":4,"column":59}}},"fnMap":{},"branchMap":{},"s":{"0":0},"f":{},"b":{}}
,"/home/kauethums/projects/poc-pos-sdk/src/domain/entities/PaymentRequest.ts": {"path":"/home/kauethums/projects/poc-pos-sdk/src/domain/entities/PaymentRequest.ts","statementMap":{"0":{"start":{"line":2,"column":0},"end":{"line":2,"column":59}},"1":{"start":{"line":3,"column":0},"end":{"line":3,"column":51}}},"fnMap":{},"branchMap":{},"s":{"0":0,"1":0},"f":{},"b":{}}
,"/home/kauethums/projects/poc-pos-sdk/src/domain/entities/PaymentResponse.ts": {"path":"/home/kauethums/projects/poc-pos-sdk/src/domain/entities/PaymentResponse.ts","statementMap":{"0":{"start":{"line":3,"column":0},"end":{"line":3,"column":55}}},"fnMap":{},"branchMap":{},"s":{"0":0},"f":{},"b":{}}
,"/home/kauethums/projects/poc-pos-sdk/src/domain/entities/PrinterResponse.ts": {"path":"/home/kauethums/projects/poc-pos-sdk/src/domain/entities/PrinterResponse.ts","statementMap":{"0":{"start":{"line":2,"column":0},"end":{"line":2,"column":55}}},"fnMap":{},"branchMap":{},"s":{"0":0},"f":{},"b":{}}
,"/home/kauethums/projects/poc-pos-sdk/src/domain/enums/InstallmentType.ts": {"path":"/home/kauethums/projects/poc-pos-sdk/src/domain/enums/InstallmentType.ts","statementMap":{"0":{"start":{"line":1,"column":0},"end":{"line":1,"column":null}},"1":{"start":{"line":2,"column":2},"end":{"line":2,"column":null}},"2":{"start":{"line":3,"column":2},"end":{"line":3,"column":null}}},"fnMap":{"0":{"name":"(anonymous_0)","decl":{"start":{"line":1,"column":0},"end":{"line":1,"column":12}},"loc":{"start":{"line":1,"column":27},"end":{"line":4,"column":1}}}},"branchMap":{"0":{"loc":{"start":{"line":1,"column":12},"end":{"line":1,"column":null}},"type":"binary-expr","locations":[{"start":{"line":1,"column":12},"end":{"line":1,"column":27}},{"start":{"line":1,"column":27},"end":{"line":1,"column":null}}]}},"s":{"0":3,"1":3,"2":3},"f":{"0":3},"b":{"0":[3,3]}}
,"/home/kauethums/projects/poc-pos-sdk/src/domain/enums/PaymentStatus.ts": {"path":"/home/kauethums/projects/poc-pos-sdk/src/domain/enums/PaymentStatus.ts","statementMap":{"0":{"start":{"line":1,"column":0},"end":{"line":1,"column":null}},"1":{"start":{"line":2,"column":2},"end":{"line":2,"column":null}},"2":{"start":{"line":3,"column":2},"end":{"line":3,"column":null}},"3":{"start":{"line":4,"column":2},"end":{"line":4,"column":null}},"4":{"start":{"line":5,"column":2},"end":{"line":5,"column":null}},"5":{"start":{"line":6,"column":2},"end":{"line":6,"column":null}},"6":{"start":{"line":7,"column":2},"end":{"line":7,"column":null}},"7":{"start":{"line":8,"column":2},"end":{"line":8,"column":null}}},"fnMap":{"0":{"name":"(anonymous_0)","decl":{"start":{"line":1,"column":0},"end":{"line":1,"column":12}},"loc":{"start":{"line":1,"column":25},"end":{"line":9,"column":1}}}},"branchMap":{"0":{"loc":{"start":{"line":1,"column":12},"end":{"line":1,"column":null}},"type":"binary-expr","locations":[{"start":{"line":1,"column":12},"end":{"line":1,"column":25}},{"start":{"line":1,"column":25},"end":{"line":1,"column":null}}]}},"s":{"0":6,"1":6,"2":6,"3":6,"4":6,"5":6,"6":6,"7":6},"f":{"0":6},"b":{"0":[6,6]}}
,"/home/kauethums/projects/poc-pos-sdk/src/domain/enums/PaymentType.ts": {"path":"/home/kauethums/projects/poc-pos-sdk/src/domain/enums/PaymentType.ts","statementMap":{"0":{"start":{"line":1,"column":0},"end":{"line":1,"column":null}},"1":{"start":{"line":2,"column":2},"end":{"line":2,"column":null}},"2":{"start":{"line":3,"column":2},"end":{"line":3,"column":null}},"3":{"start":{"line":4,"column":2},"end":{"line":4,"column":null}},"4":{"start":{"line":5,"column":2},"end":{"line":5,"column":null}},"5":{"start":{"line":6,"column":2},"end":{"line":6,"column":null}},"6":{"start":{"line":7,"column":2},"end":{"line":7,"column":null}},"7":{"start":{"line":8,"column":2},"end":{"line":8,"column":null}},"8":{"start":{"line":9,"column":2},"end":{"line":9,"column":null}},"9":{"start":{"line":10,"column":2},"end":{"line":10,"column":null}},"10":{"start":{"line":11,"column":2},"end":{"line":11,"column":null}},"11":{"start":{"line":12,"column":2},"end":{"line":12,"column":null}},"12":{"start":{"line":13,"column":2},"end":{"line":13,"column":null}},"13":{"start":{"line":14,"column":2},"end":{"line":14,"column":null}},"14":{"start":{"line":15,"column":2},"end":{"line":15,"column":null}},"15":{"start":{"line":16,"column":2},"end":{"line":16,"column":null}},"16":{"start":{"line":17,"column":2},"end":{"line":17,"column":null}},"17":{"start":{"line":18,"column":2},"end":{"line":18,"column":null}}},"fnMap":{"0":{"name":"(anonymous_0)","decl":{"start":{"line":1,"column":0},"end":{"line":1,"column":12}},"loc":{"start":{"line":1,"column":23},"end":{"line":19,"column":1}}}},"branchMap":{"0":{"loc":{"start":{"line":1,"column":12},"end":{"line":1,"column":null}},"type":"binary-expr","locations":[{"start":{"line":1,"column":12},"end":{"line":1,"column":23}},{"start":{"line":1,"column":23},"end":{"line":1,"column":null}}]}},"s":{"0":3,"1":3,"2":3,"3":3,"4":3,"5":3,"6":3,"7":3,"8":3,"9":3,"10":3,"11":3,"12":3,"13":3,"14":3,"15":3,"16":3,"17":3},"f":{"0":3},"b":{"0":[3,3]}}
,"/home/kauethums/projects/poc-pos-sdk/src/domain/enums/PosSdkAdministrator.ts": {"path":"/home/kauethums/projects/poc-pos-sdk/src/domain/enums/PosSdkAdministrator.ts","statementMap":{"0":{"start":{"line":1,"column":0},"end":{"line":1,"column":null}},"1":{"start":{"line":2,"column":2},"end":{"line":2,"column":null}}},"fnMap":{"0":{"name":"(anonymous_0)","decl":{"start":{"line":1,"column":0},"end":{"line":1,"column":12}},"loc":{"start":{"line":1,"column":31},"end":{"line":3,"column":1}}}},"branchMap":{"0":{"loc":{"start":{"line":1,"column":12},"end":{"line":1,"column":null}},"type":"binary-expr","locations":[{"start":{"line":1,"column":12},"end":{"line":1,"column":31}},{"start":{"line":1,"column":31},"end":{"line":1,"column":null}}]}},"s":{"0":3,"1":3},"f":{"0":3},"b":{"0":[3,3]}}
,"/home/kauethums/projects/poc-pos-sdk/src/domain/enums/PrinterCapabilities.ts": {"path":"/home/kauethums/projects/poc-pos-sdk/src/domain/enums/PrinterCapabilities.ts","statementMap":{"0":{"start":{"line":1,"column":0},"end":{"line":1,"column":null}},"1":{"start":{"line":2,"column":2},"end":{"line":2,"column":null}}},"fnMap":{"0":{"name":"(anonymous_0)","decl":{"start":{"line":1,"column":0},"end":{"line":1,"column":12}},"loc":{"start":{"line":1,"column":31},"end":{"line":3,"column":1}}}},"branchMap":{"0":{"loc":{"start":{"line":1,"column":12},"end":{"line":1,"column":null}},"type":"binary-expr","locations":[{"start":{"line":1,"column":12},"end":{"line":1,"column":31}},{"start":{"line":1,"column":31},"end":{"line":1,"column":null}}]}},"s":{"0":6,"1":6},"f":{"0":6},"b":{"0":[6,6]}}
,"/home/kauethums/projects/poc-pos-sdk/src/domain/enums/PrinterStatus.ts": {"path":"/home/kauethums/projects/poc-pos-sdk/src/domain/enums/PrinterStatus.ts","statementMap":{"0":{"start":{"line":1,"column":0},"end":{"line":1,"column":null}},"1":{"start":{"line":2,"column":2},"end":{"line":2,"column":null}},"2":{"start":{"line":3,"column":2},"end":{"line":3,"column":null}},"3":{"start":{"line":4,"column":2},"end":{"line":4,"column":null}},"4":{"start":{"line":5,"column":2},"end":{"line":5,"column":null}},"5":{"start":{"line":6,"column":2},"end":{"line":6,"column":null}},"6":{"start":{"line":7,"column":2},"end":{"line":7,"column":null}},"7":{"start":{"line":8,"column":2},"end":{"line":8,"column":null}},"8":{"start":{"line":9,"column":2},"end":{"line":9,"column":null}}},"fnMap":{"0":{"name":"(anonymous_0)","decl":{"start":{"line":1,"column":0},"end":{"line":1,"column":12}},"loc":{"start":{"line":1,"column":25},"end":{"line":10,"column":1}}}},"branchMap":{"0":{"loc":{"start":{"line":1,"column":12},"end":{"line":1,"column":null}},"type":"binary-expr","locations":[{"start":{"line":1,"column":12},"end":{"line":1,"column":25}},{"start":{"line":1,"column":25},"end":{"line":1,"column":null}}]}},"s":{"0":6,"1":6,"2":6,"3":6,"4":6,"5":6,"6":6,"7":6,"8":6},"f":{"0":6},"b":{"0":[6,6]}}
,"/home/kauethums/projects/poc-pos-sdk/src/domain/enums/ScannerCapabilities.ts": {"path":"/home/kauethums/projects/poc-pos-sdk/src/domain/enums/ScannerCapabilities.ts","statementMap":{"0":{"start":{"line":1,"column":0},"end":{"line":1,"column":null}},"1":{"start":{"line":2,"column":2},"end":{"line":2,"column":null}}},"fnMap":{"0":{"name":"(anonymous_0)","decl":{"start":{"line":1,"column":0},"end":{"line":1,"column":12}},"loc":{"start":{"line":1,"column":31},"end":{"line":3,"column":1}}}},"branchMap":{"0":{"loc":{"start":{"line":1,"column":12},"end":{"line":1,"column":null}},"type":"binary-expr","locations":[{"start":{"line":1,"column":12},"end":{"line":1,"column":31}},{"start":{"line":1,"column":31},"end":{"line":1,"column":null}}]}},"s":{"0":6,"1":6},"f":{"0":6},"b":{"0":[6,6]}}
,"/home/kauethums/projects/poc-pos-sdk/src/domain/enums/ScannerStatus.ts": {"path":"/home/kauethums/projects/poc-pos-sdk/src/domain/enums/ScannerStatus.ts","statementMap":{"0":{"start":{"line":1,"column":0},"end":{"line":1,"column":null}},"1":{"start":{"line":2,"column":2},"end":{"line":2,"column":null}},"2":{"start":{"line":3,"column":2},"end":{"line":3,"column":null}},"3":{"start":{"line":4,"column":2},"end":{"line":4,"column":null}}},"fnMap":{"0":{"name":"(anonymous_0)","decl":{"start":{"line":1,"column":0},"end":{"line":1,"column":12}},"loc":{"start":{"line":1,"column":25},"end":{"line":5,"column":1}}}},"branchMap":{"0":{"loc":{"start":{"line":1,"column":12},"end":{"line":1,"column":null}},"type":"binary-expr","locations":[{"start":{"line":1,"column":12},"end":{"line":1,"column":25}},{"start":{"line":1,"column":25},"end":{"line":1,"column":null}}]}},"s":{"0":6,"1":6,"2":6,"3":6},"f":{"0":6},"b":{"0":[6,6]}}
,"/home/kauethums/projects/poc-pos-sdk/src/domain/enums/TefCapabilities.ts": {"path":"/home/kauethums/projects/poc-pos-sdk/src/domain/enums/TefCapabilities.ts","statementMap":{"0":{"start":{"line":1,"column":0},"end":{"line":1,"column":null}},"1":{"start":{"line":2,"column":2},"end":{"line":2,"column":null}}},"fnMap":{"0":{"name":"(anonymous_0)","decl":{"start":{"line":1,"column":0},"end":{"line":1,"column":12}},"loc":{"start":{"line":1,"column":27},"end":{"line":3,"column":1}}}},"branchMap":{"0":{"loc":{"start":{"line":1,"column":12},"end":{"line":1,"column":null}},"type":"binary-expr","locations":[{"start":{"line":1,"column":12},"end":{"line":1,"column":27}},{"start":{"line":1,"column":27},"end":{"line":1,"column":null}}]}},"s":{"0":6,"1":6},"f":{"0":6},"b":{"0":[6,6]}}
,"/home/kauethums/projects/poc-pos-sdk/src/infrastructure/adapters/rede/rede-printer-adapter.ts": {"path":"/home/kauethums/projects/poc-pos-sdk/src/infrastructure/adapters/rede/rede-printer-adapter.ts","statementMap":{"0":{"start":{"line":5,"column":0},"end":{"line":5,"column":54}},"1":{"start":{"line":11,"column":4},"end":{"line":17,"column":5}},"2":{"start":{"line":13,"column":8},"end":{"line":13,"column":61}},"3":{"start":{"line":14,"column":6},"end":{"line":14,"column":52}},"4":{"start":{"line":16,"column":6},"end":{"line":16,"column":59}},"5":{"start":{"line":21,"column":4},"end":{"line":26,"column":5}},"6":{"start":{"line":22,"column":27},"end":{"line":22,"column":62}},"7":{"start":{"line":23,"column":6},"end":{"line":23,"column":51}},"8":{"start":{"line":25,"column":6},"end":{"line":25,"column":16}},"9":{"start":{"line":7,"column":0},"end":{"line":7,"column":13}}},"fnMap":{"0":{"name":"(anonymous_0)","decl":{"start":{"line":8,"column":2},"end":{"line":8,"column":7}},"loc":{"start":{"line":9,"column":23},"end":{"line":18,"column":3}}},"1":{"name":"(anonymous_1)","decl":{"start":{"line":20,"column":2},"end":{"line":20,"column":17}},"loc":{"start":{"line":20,"column":17},"end":{"line":27,"column":3}}}},"branchMap":{},"s":{"0":0,"1":0,"2":0,"3":0,"4":0,"5":0,"6":0,"7":0,"8":0,"9":0},"f":{"0":0,"1":0},"b":{}}
,"/home/kauethums/projects/poc-pos-sdk/src/infrastructure/adapters/rede/rede-scanner-adapter.ts": {"path":"/home/kauethums/projects/poc-pos-sdk/src/infrastructure/adapters/rede/rede-scanner-adapter.ts","statementMap":{"0":{"start":{"line":4,"column":0},"end":{"line":4,"column":54}},"1":{"start":{"line":8,"column":4},"end":{"line":13,"column":5}},"2":{"start":{"line":9,"column":27},"end":{"line":9,"column":57}},"3":{"start":{"line":10,"column":6},"end":{"line":10,"column":45}},"4":{"start":{"line":12,"column":6},"end":{"line":12,"column":52}},"5":{"start":{"line":17,"column":4},"end":{"line":22,"column":5}},"6":{"start":{"line":18,"column":27},"end":{"line":18,"column":62}},"7":{"start":{"line":19,"column":6},"end":{"line":19,"column":51}},"8":{"start":{"line":21,"column":6},"end":{"line":21,"column":62}},"9":{"start":{"line":6,"column":0},"end":{"line":6,"column":13}}},"fnMap":{"0":{"name":"(anonymous_0)","decl":{"start":{"line":7,"column":2},"end":{"line":7,"column":7}},"loc":{"start":{"line":7,"column":12},"end":{"line":14,"column":3}}},"1":{"name":"(anonymous_1)","decl":{"start":{"line":16,"column":2},"end":{"line":16,"column":17}},"loc":{"start":{"line":16,"column":17},"end":{"line":23,"column":3}}}},"branchMap":{},"s":{"0":0,"1":0,"2":0,"3":0,"4":0,"5":0,"6":0,"7":0,"8":0,"9":0},"f":{"0":0,"1":0},"b":{}}
,"/home/kauethums/projects/poc-pos-sdk/src/infrastructure/adapters/rede/rede-tef-adapter.ts": {"path":"/home/kauethums/projects/poc-pos-sdk/src/infrastructure/adapters/rede/rede-tef-adapter.ts","statementMap":{"0":{"start":{"line":6,"column":0},"end":{"line":6,"column":50}},"1":{"start":{"line":13,"column":4},"end":{"line":18,"column":5}},"2":{"start":{"line":14,"column":27},"end":{"line":14,"column":63}},"3":{"start":{"line":15,"column":6},"end":{"line":15,"column":55}},"4":{"start":{"line":17,"column":6},"end":{"line":17,"column":63}},"5":{"start":{"line":22,"column":4},"end":{"line":27,"column":5}},"6":{"start":{"line":23,"column":27},"end":{"line":23,"column":58}},"7":{"start":{"line":24,"column":6},"end":{"line":24,"column":47}},"8":{"start":{"line":26,"column":6},"end":{"line":26,"column":62}},"9":{"start":{"line":8,"column":0},"end":{"line":8,"column":13}}},"fnMap":{"0":{"name":"(anonymous_0)","decl":{"start":{"line":9,"column":2},"end":{"line":9,"column":7}},"loc":{"start":{"line":12,"column":36},"end":{"line":19,"column":3}}},"1":{"name":"(anonymous_1)","decl":{"start":{"line":21,"column":2},"end":{"line":21,"column":17}},"loc":{"start":{"line":21,"column":17},"end":{"line":28,"column":3}}}},"branchMap":{},"s":{"0":0,"1":0,"2":0,"3":0,"4":0,"5":0,"6":0,"7":0,"8":0,"9":0},"f":{"0":0,"1":0},"b":{}}
,"/home/kauethums/projects/poc-pos-sdk/src/infrastructure/native/rede.ts": {"path":"/home/kauethums/projects/poc-pos-sdk/src/infrastructure/native/rede.ts","statementMap":{"0":{"start":{"line":1,"column":0},"end":{"line":1,"column":45}},"1":{"start":{"line":6,"column":14},"end":{"line":6,"column":57}},"2":{"start":{"line":8,"column":13},"end":{"line":17,"column":25}},"3":{"start":{"line":14,"column":10},"end":{"line":14,"column":33}},"4":{"start":{"line":19,"column":13},"end":{"line":28,"column":21}},"5":{"start":{"line":25,"column":10},"end":{"line":25,"column":33}},"6":{"start":{"line":30,"column":13},"end":{"line":39,"column":25}},"7":{"start":{"line":36,"column":10},"end":{"line":36,"column":33}}},"fnMap":{"0":{"name":"(anonymous_0)","decl":{"start":{"line":13,"column":8},"end":{"line":13,"column":11}},"loc":{"start":{"line":13,"column":11},"end":{"line":15,"column":9}}},"1":{"name":"(anonymous_1)","decl":{"start":{"line":24,"column":8},"end":{"line":24,"column":11}},"loc":{"start":{"line":24,"column":11},"end":{"line":26,"column":9}}},"2":{"name":"(anonymous_2)","decl":{"start":{"line":35,"column":8},"end":{"line":35,"column":11}},"loc":{"start":{"line":35,"column":11},"end":{"line":37,"column":9}}}},"branchMap":{"0":{"loc":{"start":{"line":8,"column":33},"end":{"line":16,"column":null}},"type":"cond-expr","locations":[{"start":{"line":9,"column":5},"end":{"line":9,"column":55}},{"start":{"line":10,"column":5},"end":{"line":16,"column":null}}]},"1":{"loc":{"start":{"line":19,"column":29},"end":{"line":27,"column":null}},"type":"cond-expr","locations":[{"start":{"line":20,"column":5},"end":{"line":20,"column":47}},{"start":{"line":21,"column":5},"end":{"line":27,"column":null}}]},"2":{"loc":{"start":{"line":30,"column":33},"end":{"line":38,"column":null}},"type":"cond-expr","locations":[{"start":{"line":31,"column":5},"end":{"line":31,"column":55}},{"start":{"line":32,"column":5},"end":{"line":38,"column":null}}]}},"s":{"0":0,"1":0,"2":0,"3":0,"4":0,"5":0,"6":0,"7":0},"f":{"0":0,"1":0,"2":0},"b":{"0":[0,0],"1":[0,0],"2":[0,0]}}
,"/home/kauethums/projects/poc-pos-sdk/src/presentation/PosSdk.ts": {"path":"/home/kauethums/projects/poc-pos-sdk/src/presentation/PosSdk.ts","statementMap":{"0":{"start":{"line":1,"column":0},"end":{"line":1,"column":57}},"1":{"start":{"line":2,"column":0},"end":{"line":2,"column":57}},"2":{"start":{"line":3,"column":0},"end":{"line":3,"column":49}},"3":{"start":{"line":7,"column":0},"end":{"line":7,"column":74}},"4":{"start":{"line":8,"column":0},"end":{"line":8,"column":90}},"5":{"start":{"line":9,"column":0},"end":{"line":9,"column":90}},"6":{"start":{"line":10,"column":0},"end":{"line":10,"column":82}},"7":{"start":{"line":23,"column":4},"end":{"line":23,"column":46}},"8":{"start":{"line":25,"column":59},"end":{"line":26,"column":null}},"9":{"start":{"line":29,"column":4},"end":{"line":29,"column":41}},"10":{"start":{"line":30,"column":4},"end":{"line":30,"column":53}},"11":{"start":{"line":31,"column":4},"end":{"line":31,"column":53}},"12":{"start":{"line":39,"column":4},"end":{"line":48,"column":5}},"13":{"start":{"line":41,"column":8},"end":{"line":45,"column":10}},"14":{"start":{"line":47,"column":8},"end":{"line":47,"column":74}},"15":{"start":{"line":52,"column":4},"end":{"line":52,"column":30}},"16":{"start":{"line":56,"column":36},"end":{"line":60,"column":6}},"17":{"start":{"line":62,"column":4},"end":{"line":62,"column":72}},"18":{"start":{"line":16,"column":0},"end":{"line":16,"column":13}},"19":{"start":{"line":67,"column":51},"end":{"line":67,"column":55}},"20":{"start":{"line":70,"column":4},"end":{"line":70,"column":58}},"21":{"start":{"line":71,"column":4},"end":{"line":71,"column":25}},"22":{"start":{"line":75,"column":4},"end":{"line":79,"column":5}},"23":{"start":{"line":76,"column":6},"end":{"line":78,"column":8}},"24":{"start":{"line":80,"column":4},"end":{"line":80,"column":25}},"25":{"start":{"line":84,"column":4},"end":{"line":84,"column":25}},"26":{"start":{"line":66,"column":0},"end":{"line":66,"column":13}}},"fnMap":{"0":{"name":"(anonymous_0)","decl":{"start":{"line":22,"column":2},"end":{"line":22,"column":14}},"loc":{"start":{"line":22,"column":34},"end":{"line":32,"column":3}}},"1":{"name":"(anonymous_1)","decl":{"start":{"line":34,"column":10},"end":{"line":34,"column":24}},"loc":{"start":{"line":34,"column":59},"end":{"line":49,"column":3}}},"2":{"name":"(anonymous_2)","decl":{"start":{"line":51,"column":2},"end":{"line":51,"column":18}},"loc":{"start":{"line":51,"column":18},"end":{"line":53,"column":3}}},"3":{"name":"(anonymous_3)","decl":{"start":{"line":55,"column":2},"end":{"line":55,"column":7}},"loc":{"start":{"line":55,"column":26},"end":{"line":63,"column":3}}},"4":{"name":"(anonymous_4)","decl":{"start":{"line":69,"column":2},"end":{"line":69,"column":8}},"loc":{"start":{"line":69,"column":48},"end":{"line":72,"column":3}}},"5":{"name":"(anonymous_5)","decl":{"start":{"line":74,"column":2},"end":{"line":74,"column":8}},"loc":{"start":{"line":74,"column":20},"end":{"line":81,"column":3}}},"6":{"name":"(anonymous_6)","decl":{"start":{"line":83,"column":2},"end":{"line":83,"column":8}},"loc":{"start":{"line":83,"column":16},"end":{"line":85,"column":3}}}},"branchMap":{"0":{"loc":{"start":{"line":39,"column":4},"end":{"line":48,"column":5}},"type":"switch","locations":[{"start":{"line":40,"column":6},"end":{"line":45,"column":10}},{"start":{"line":46,"column":6},"end":{"line":47,"column":74}}]},"1":{"loc":{"start":{"line":75,"column":4},"end":{"line":79,"column":5}},"type":"if","locations":[{"start":{"line":75,"column":4},"end":{"line":79,"column":5}}]}},"s":{"0":3,"1":3,"2":3,"3":3,"4":3,"5":3,"6":3,"7":28,"8":28,"9":27,"10":27,"11":27,"12":28,"13":27,"14":1,"15":1,"16":5,"17":5,"18":3,"19":3,"20":27,"21":27,"22":6,"23":3,"24":3,"25":59,"26":3},"f":{"0":28,"1":28,"2":1,"3":5,"4":27,"5":6,"6":59},"b":{"0":[27,1],"1":[3]}}
,"/home/kauethums/projects/poc-pos-sdk/src/presentation/modules/printer-module.ts": {"path":"/home/kauethums/projects/poc-pos-sdk/src/presentation/modules/printer-module.ts","statementMap":{"0":{"start":{"line":5,"column":0},"end":{"line":5,"column":65}},"1":{"start":{"line":8,"column":31},"end":{"line":8,"column":61}},"2":{"start":{"line":13,"column":4},"end":{"line":19,"column":5}},"3":{"start":{"line":14,"column":6},"end":{"line":18,"column":8}},"4":{"start":{"line":21,"column":4},"end":{"line":21,"column":61}},"5":{"start":{"line":25,"column":4},"end":{"line":25,"column":49}},"6":{"start":{"line":7,"column":0},"end":{"line":7,"column":13}}},"fnMap":{"0":{"name":"(anonymous_0)","decl":{"start":{"line":8,"column":2},"end":{"line":8,"column":31}},"loc":{"start":{"line":8,"column":61},"end":{"line":8,"column":65}}},"1":{"name":"(anonymous_1)","decl":{"start":{"line":10,"column":2},"end":{"line":10,"column":7}},"loc":{"start":{"line":11,"column":23},"end":{"line":22,"column":3}}},"2":{"name":"(anonymous_2)","decl":{"start":{"line":24,"column":2},"end":{"line":24,"column":17}},"loc":{"start":{"line":24,"column":17},"end":{"line":26,"column":3}}}},"branchMap":{"0":{"loc":{"start":{"line":13,"column":4},"end":{"line":19,"column":5}},"type":"if","locations":[{"start":{"line":13,"column":4},"end":{"line":19,"column":5}}]},"1":{"loc":{"start":{"line":13,"column":8},"end":{"line":13,"column":49}},"type":"binary-expr","locations":[{"start":{"line":13,"column":8},"end":{"line":13,"column":20}},{"start":{"line":13,"column":24},"end":{"line":13,"column":49}}]}},"s":{"0":4,"1":39,"2":14,"3":5,"4":9,"5":7,"6":4},"f":{"0":39,"1":14,"2":7},"b":{"0":[5],"1":[14,10]}}
,"/home/kauethums/projects/poc-pos-sdk/src/presentation/modules/scanner-module.ts": {"path":"/home/kauethums/projects/poc-pos-sdk/src/presentation/modules/scanner-module.ts","statementMap":{"0":{"start":{"line":6,"column":31},"end":{"line":6,"column":61}},"1":{"start":{"line":9,"column":4},"end":{"line":9,"column":38}},"2":{"start":{"line":13,"column":4},"end":{"line":13,"column":49}},"3":{"start":{"line":5,"column":0},"end":{"line":5,"column":13}}},"fnMap":{"0":{"name":"(anonymous_0)","decl":{"start":{"line":6,"column":2},"end":{"line":6,"column":31}},"loc":{"start":{"line":6,"column":61},"end":{"line":6,"column":65}}},"1":{"name":"(anonymous_1)","decl":{"start":{"line":8,"column":2},"end":{"line":8,"column":7}},"loc":{"start":{"line":8,"column":12},"end":{"line":10,"column":3}}},"2":{"name":"(anonymous_2)","decl":{"start":{"line":12,"column":2},"end":{"line":12,"column":17}},"loc":{"start":{"line":12,"column":17},"end":{"line":14,"column":3}}}},"branchMap":{},"s":{"0":40,"1":14,"2":9,"3":4},"f":{"0":40,"1":14,"2":9},"b":{}}
,"/home/kauethums/projects/poc-pos-sdk/src/presentation/modules/tef-module.ts": {"path":"/home/kauethums/projects/poc-pos-sdk/src/presentation/modules/tef-module.ts","statementMap":{"0":{"start":{"line":8,"column":31},"end":{"line":8,"column":53}},"1":{"start":{"line":14,"column":4},"end":{"line":14,"column":44}},"2":{"start":{"line":18,"column":4},"end":{"line":18,"column":45}},"3":{"start":{"line":7,"column":0},"end":{"line":7,"column":13}}},"fnMap":{"0":{"name":"(anonymous_0)","decl":{"start":{"line":8,"column":2},"end":{"line":8,"column":31}},"loc":{"start":{"line":8,"column":53},"end":{"line":8,"column":57}}},"1":{"name":"(anonymous_1)","decl":{"start":{"line":10,"column":2},"end":{"line":10,"column":7}},"loc":{"start":{"line":13,"column":36},"end":{"line":15,"column":3}}},"2":{"name":"(anonymous_2)","decl":{"start":{"line":17,"column":2},"end":{"line":17,"column":17}},"loc":{"start":{"line":17,"column":17},"end":{"line":19,"column":3}}}},"branchMap":{},"s":{"0":36,"1":13,"2":7,"3":4},"f":{"0":36,"1":13,"2":7},"b":{}}
}
